Analizador Lexico
Autor: Kevin Hernández Cuestas
# = Caracter
include = Identificador
< = OperadorRelacional
stdio = Identificador
. = Caracter
h = Identificador
> = OperadorRelacional
int = tipoDatos
altura = Identificador
, = Caracter
i = Identificador
, = Caracter
j = Identificador
; = FinSentencia
float = tipoDatos
x = Identificador
, = Caracter
y = Identificador
; = FinSentencia
void = Identificador
main = Identificador
( = Caracter
) = Caracter
{ = Inicio
printf = Identificador
( = Caracter
"\nValor de altura = " = Cadena
) = Caracter
; = FinSentencia
scanf = Identificador
( = Caracter
"" = Cadena
, = Caracter
& = Caracter
altura = Identificador
) = Caracter
; = FinSentencia
for = reservada
( = Caracter
i = Identificador
= = Asignacion
1 = Numero
; = FinSentencia
i = Identificador
<= = OperadorRelacional
altura = Identificador
; = FinSentencia
i = Identificador
++ = IncrementoTermino
) = Caracter
{ = Inicio
for = reservada
( = Caracter
j = Identificador
= = Asignacion
1 = Numero
; = FinSentencia
j = Identificador
<= = OperadorRelacional
i = Identificador
; = FinSentencia
j = Identificador
++ = IncrementoTermino
) = Caracter
{ = Inicio
if = reservada
( = Caracter
j = Identificador
% = OperadorFactor
2 = Numero
== = OperadorRelacional
0 = Numero
) = Caracter
{ = Inicio
printf = Identificador
( = Caracter
"*" = Cadena
) = Caracter
; = FinSentencia
} = Fin
else = reservada
Error de sintaxis, la siguiente variable no está definida: else en la linea 18
